AIH Pagas por GERES-Internação segundo Munic Residencia PE
Gestão: Gestão Estadual
Proced Realizado: 0310010047 PARTO NORMAL EM GESTACAO DE ALTO RISCO, 0411010026 PARTO CESARIANO EM GESTACAO DE ALTO RISCO, 0411010042 PARTO CESARIANO C/ LAQUEADURA TUBARIA
Período: 2020-2022

AIH Pagas por GERES-Internação segundo Munic Residencia PE
Gestão: Gestão Estadual
Proced Realizado: 0310010039 PARTO NORMAL, 0310010055 PARTO NORMAL EM CENTRO DE PARTO NORMAL (CPN), 0411010034 PARTO CESARIANO
Período: 2020-2022


Proced Partos: 
0310010039;Normal;PARTO NORMAL, 
0310010055;Normal;PARTO NORMAL EM CENTRO DE PARTO NORMAL (CPN)
0411010034;Cesário;PARTO CESARIANO, 
0411010042;De Risco;PARTO CESARIANO C/ LAQUEADURA TUBARIA

0310010047;De Risco;PARTO NORMAL EM GESTACAO DE ALTO RISCO, 
0411010026;De Risco;PARTO CESARIANO EM GESTACAO ALTO RISCO, 


buscar dados municipais

serie historica partos municipais - estaduais por risco e normal

leitos uti neonatal

revisar filtros

openstreet